[INFO][ssh.go:124]2020/07/02 15:15:17 [[]]
[INFO][ssh.go:139]2020/07/02 15:15:25 []
[INFO][ssh.go:153]2020/07/02 15:15:29 []
[INFO][ssh.go:139]2020/07/02 15:15:31 []
[INFO][ssh.go:153]2020/07/02 15:15:33 []
[INFO][ssh.go:139]2020/07/02 15:15:35 [Now is 2020年 07月 02日 星期四 15:15:36 CST
]
[INFO][ssh.go:153]2020/07/02 15:15:37 [Now is 2020年 07月 02日 星期四 15:15:36 CST
]
[INFO][ssh.go:139]2020/07/02 15:15:39 [Run user is xlf
]
[INFO][ssh.go:153]2020/07/02 15:15:52 [Run user is xlf
]
[INFO][ssh.go:139]2020/07/02 15:15:54 []
[INFO][ssh.go:153]2020/07/02 15:15:57 []
[INFO][ssh.go:139]2020/07/02 15:15:57 []
[INFO][ssh.go:153]2020/07/02 15:16:01 []
[INFO][ssh.go:139]2020/07/02 15:16:02 []
[INFO][ssh.go:153]2020/07/02 15:16:21 []
[INFO][ssh.go:139]2020/07/02 15:16:32 []
[ERROR][ssh.go:141]2020/07/02 15:17:56 [Process exited with status 1]
[INFO][BuildContoller.go:180]2020/07/02 15:17:56 [{"Commands":null}]
[INFO][ssh.go:124]2020/07/02 15:22:03 [[]]
[INFO][ssh.go:139]2020/07/02 15:22:03 []
[ERROR][ssh.go:141]2020/07/02 15:22:03 [Process exited with status 128]
[INFO][BuildContoller.go:180]2020/07/02 15:22:03 [{"Commands":null}]
[INFO][ssh.go:124]2020/07/02 15:30:47 [[]]
[INFO][ssh.go:139]2020/07/02 15:30:51 []
[INFO][ssh.go:153]2020/07/02 15:30:51 []
[INFO][ssh.go:139]2020/07/02 15:30:51 []
[INFO][ssh.go:153]2020/07/02 15:30:51 []
[INFO][ssh.go:139]2020/07/02 15:30:51 [Now is 2020年 07月 02日 星期四 15:30:51 CST
]
[INFO][ssh.go:153]2020/07/02 15:30:51 [Now is 2020年 07月 02日 星期四 15:30:51 CST
]
[INFO][ssh.go:139]2020/07/02 15:30:51 [Run user is xlf
]
[INFO][ssh.go:153]2020/07/02 15:30:51 [Run user is xlf
]
[INFO][ssh.go:139]2020/07/02 15:30:51 []
[ERROR][ssh.go:141]2020/07/02 15:30:51 [Process exited with status 1]
[INFO][BuildContoller.go:180]2020/07/02 15:30:51 [{"Commands":null}]
[INFO][ssh.go:124]2020/07/02 15:59:41 [[]]
[INFO][ssh.go:140]2020/07/02 15:59:47 []
[INFO][ssh.go:154]2020/07/02 15:59:47 []
[INFO][ssh.go:140]2020/07/02 15:59:47 []
[INFO][ssh.go:154]2020/07/02 15:59:47 []
[INFO][ssh.go:140]2020/07/02 15:59:47 [Now is 2020年 07月 02日 星期四 15:59:48 CST
]
[INFO][ssh.go:154]2020/07/02 15:59:47 [Now is 2020年 07月 02日 星期四 15:59:48 CST
]
[INFO][ssh.go:140]2020/07/02 15:59:47 [Run user is xlf
]
[INFO][ssh.go:154]2020/07/02 15:59:47 [Run user is xlf
]
[INFO][ssh.go:140]2020/07/02 15:59:47 []
[INFO][ssh.go:154]2020/07/02 15:59:47 []
[INFO][ssh.go:140]2020/07/02 15:59:47 []
[INFO][ssh.go:154]2020/07/02 15:59:47 []
[INFO][ssh.go:140]2020/07/02 15:59:47 []
[INFO][ssh.go:154]2020/07/02 15:59:47 []
[INFO][ssh.go:124]2020/07/02 16:02:03 [[]]
[INFO][ssh.go:140]2020/07/02 16:02:15 []
[INFO][ssh.go:154]2020/07/02 16:02:15 []
[INFO][ssh.go:140]2020/07/02 16:02:15 []
[INFO][ssh.go:154]2020/07/02 16:02:15 []
[INFO][ssh.go:140]2020/07/02 16:02:15 [Now is 2020年 07月 02日 星期四 16:02:16 CST
]
[INFO][ssh.go:154]2020/07/02 16:02:15 [Now is 2020年 07月 02日 星期四 16:02:16 CST
]
[INFO][ssh.go:140]2020/07/02 16:02:15 [Run user is xlf
]
[INFO][ssh.go:154]2020/07/02 16:02:15 [Run user is xlf
]
[INFO][ssh.go:140]2020/07/02 16:02:15 []
[INFO][ssh.go:154]2020/07/02 16:02:15 []
[INFO][ssh.go:140]2020/07/02 16:02:15 []
[INFO][ssh.go:154]2020/07/02 16:02:15 []
[INFO][ssh.go:140]2020/07/02 16:02:15 []
[INFO][ssh.go:154]2020/07/02 16:02:15 []
[INFO][ssh.go:140]2020/07/02 16:05:03 []
[ERROR][ssh.go:142]2020/07/02 16:05:03 [Process exited with status 1]
[INFO][BuildContoller.go:179]2020/07/02 16:05:03 [{"Commands":null}]
[INFO][ssh.go:140]2020/07/02 16:06:25 []
[ERROR][ssh.go:142]2020/07/02 16:06:25 [Process exited with status 1]
[INFO][BuildContoller.go:179]2020/07/02 16:06:25 [{"Commands":null}]
[INFO][ssh.go:124]2020/07/02 16:09:54 [[]]
[INFO][ssh.go:140]2020/07/02 16:10:13 []
[INFO][ssh.go:154]2020/07/02 16:10:18 []
[INFO][ssh.go:140]2020/07/02 16:10:39 []
[INFO][ssh.go:154]2020/07/02 16:10:39 []
[INFO][ssh.go:140]2020/07/02 16:10:39 [Now is 2020年 07月 02日 星期四 16:10:40 CST
]
[INFO][ssh.go:154]2020/07/02 16:10:39 [Now is 2020年 07月 02日 星期四 16:10:40 CST
]
[INFO][ssh.go:140]2020/07/02 16:10:39 [Run user is xlf
]
[INFO][ssh.go:154]2020/07/02 16:10:39 [Run user is xlf
]
[INFO][ssh.go:140]2020/07/02 16:10:39 []
[INFO][ssh.go:154]2020/07/02 16:10:39 []
[INFO][ssh.go:140]2020/07/02 16:10:39 []
[INFO][ssh.go:154]2020/07/02 16:10:39 []
[INFO][ssh.go:140]2020/07/02 16:10:39 []
[INFO][ssh.go:154]2020/07/02 16:10:39 []
[INFO][ssh.go:124]2020/07/02 16:15:07 [[]]
[INFO][ssh.go:140]2020/07/02 16:15:10 []
[ERROR][ssh.go:142]2020/07/02 16:15:16 [Process exited with status 128]
[INFO][BuildContoller.go:179]2020/07/02 16:15:20 [{"Commands":null}]
[INFO][ssh.go:124]2020/07/02 16:16:45 [[]]
[INFO][ssh.go:140]2020/07/02 16:16:58 []
[INFO][ssh.go:154]2020/07/02 16:17:07 []
[INFO][ssh.go:140]2020/07/02 16:18:20 []
[INFO][ssh.go:154]2020/07/02 16:18:23 []
[INFO][ssh.go:140]2020/07/02 16:18:24 [Now is 2020年 07月 02日 星期四 16:18:25 CST
]
[INFO][ssh.go:154]2020/07/02 16:18:26 [Now is 2020年 07月 02日 星期四 16:18:25 CST
]
[INFO][ssh.go:140]2020/07/02 16:18:28 [Run user is xlf
]
[INFO][ssh.go:154]2020/07/02 16:18:29 [Run user is xlf
]
[INFO][ssh.go:140]2020/07/02 16:18:30 []
[INFO][ssh.go:154]2020/07/02 16:18:33 []
[INFO][ssh.go:140]2020/07/02 16:18:41 []
[INFO][ssh.go:154]2020/07/02 16:18:44 []
[INFO][ssh.go:140]2020/07/02 16:18:45 []
[INFO][ssh.go:154]2020/07/02 16:18:47 []
[INFO][ssh.go:124]2020/07/02 16:23:29 [[]]
[INFO][ssh.go:140]2020/07/02 16:23:33 []
[INFO][ssh.go:154]2020/07/02 16:23:33 []
[INFO][ssh.go:140]2020/07/02 16:23:33 []
[INFO][ssh.go:154]2020/07/02 16:23:33 []
[INFO][ssh.go:140]2020/07/02 16:23:33 [Now is 2020年 07月 02日 星期四 16:23:34 CST
]
[INFO][ssh.go:154]2020/07/02 16:23:33 [Now is 2020年 07月 02日 星期四 16:23:34 CST
]
[INFO][ssh.go:140]2020/07/02 16:23:33 [Run user is xlf
]
[INFO][ssh.go:154]2020/07/02 16:23:33 [Run user is xlf
]
[INFO][ssh.go:140]2020/07/02 16:23:33 []
[INFO][ssh.go:154]2020/07/02 16:23:33 []
[INFO][ssh.go:140]2020/07/02 16:23:33 []
[INFO][ssh.go:154]2020/07/02 16:23:33 []
[INFO][ssh.go:140]2020/07/02 16:23:33 []
[INFO][ssh.go:154]2020/07/02 16:23:33 []
[INFO][ssh.go:140]2020/07/02 16:23:33 []
[ERROR][ssh.go:142]2020/07/02 16:23:33 [Process exited with status 2]
[INFO][BuildContoller.go:179]2020/07/02 16:23:33 [{"Commands":null}]
[INFO][ssh.go:124]2020/07/02 17:29:28 [[]]
[INFO][ssh.go:178]2020/07/02 17:29:33 []
[INFO][ssh.go:192]2020/07/02 17:29:33 []
[INFO][ssh.go:178]2020/07/02 17:29:33 []
[INFO][ssh.go:192]2020/07/02 17:29:33 []
[INFO][ssh.go:178]2020/07/02 17:29:33 [Now is 2020年 07月 02日 星期四 17:29:34 CST
]
[INFO][ssh.go:192]2020/07/02 17:29:33 [Now is 2020年 07月 02日 星期四 17:29:34 CST
]
[INFO][ssh.go:178]2020/07/02 17:29:33 [Run user is xlf
]
[INFO][ssh.go:192]2020/07/02 17:29:33 [Run user is xlf
]
[INFO][ssh.go:178]2020/07/02 17:29:33 []
[INFO][ssh.go:192]2020/07/02 17:29:33 []
[INFO][ssh.go:178]2020/07/02 17:29:33 []
[INFO][ssh.go:192]2020/07/02 17:29:33 []
[INFO][ssh.go:178]2020/07/02 17:29:33 []
[INFO][ssh.go:192]2020/07/02 17:29:33 []
[INFO][ssh.go:178]2020/07/02 17:31:56 []
[ERROR][ssh.go:180]2020/07/02 17:31:56 [Process exited with status 1]
[INFO][BuildContoller.go:179]2020/07/02 17:31:56 [{"Commands":null}]
[INFO][ssh.go:145]2020/07/02 17:35:25 []
[ERROR][ssh.go:147]2020/07/02 17:35:25 [Process exited with status 255]
[INFO][ssh.go:145]2020/07/02 17:37:25 []
[ERROR][ssh.go:147]2020/07/02 17:37:53 [Process exited with status 255]
