[INFO][SshController.go:59]2020/06/28 15:33:48 [123.go
app
deploy
deploy.sh
Desktop
DevSoft
Documents
Downloads
exchange.bak
go
load.h
Music
Pictures
projects
Public
Shared
snap
syncd-deploy
Templates
Videos
]
[INFO][SshController.go:60]2020/06/28 18:04:16 []
[INFO][SshController.go:60]2020/06/28 18:04:42 []
[INFO][SshController.go:60]2020/06/28 18:06:10 []
[INFO][SshController.go:60]2020/06/28 18:07:13 []
[INFO][SshController.go:60]2020/06/28 18:07:48 []
[INFO][SshController.go:59]2020/06/28 18:14:36 []
[INFO][SshController.go:59]2020/06/28 18:31:19 []
